Tue, 05 Jul 2022 16:32:23 GMT: successfully pushed image with reference bafybeido3h4izm3ea7kqyv6afqrqar6ypw6trmme2kysdw2evyp6gancdy@sha256:0176587725ec84c9d4b2d5244f9be279e28c2fd90043592686b95bc754127eac
Thu, 07 Jul 2022 15:32:12 GMT: successfully pushed image with reference bafybeierlllec4pizb3x2ffgxkpwgnbhpedye47eiugwdf6z6hrmju2xwu@sha256:89085faddb6a680be55349c434c5e456a1d5b642f28592856563e0cebc03bcfd
Fri, 08 Jul 2022 09:48:48 GMT: successfully pushed image with reference bafybeidq5fg5iuhb7xquxdtt5qlyn46fb7siw7wzpsgoscxklerrmm45au@sha256:d6727c3cf377089d5d0de462f318176cb34d0eabe53e539b89dbbc0dd6b212fa
Fri, 08 Jul 2022 10:03:43 GMT: successfully pushed image with reference bafybeib53h33wuxfeqxyi4d6nlufymgcm3l4bxyop2lizggddqtkmfofim@sha256:b4ae8e58199df76b7df6a7aab30eb2c46d5b6600a597150d1cbec69e03b633db
Fri, 08 Jul 2022 10:18:15 GMT: successfully pushed image with reference bafybeiajmtii5brseh5ef45ghfpmhgcnabqaeyvay5kzmwkwjzzrrupfse@sha256:dc61ea4c5574eb9d4e36724d163345e5393b78efef9b8dd7c1f8b0bf8e38387a
Fri, 08 Jul 2022 10:42:02 GMT: successfully pushed image with reference bafybeifnt6j4o42vjxr73dlnecuhsqihybgnanoggxc4sjuc46vwvfmeii@sha256:0b263b4dfc58fec567bec032524dab49e9f679c81d4a3281f2d135d118d9c607
Fri, 08 Jul 2022 10:46:02 GMT: successfully pushed image with reference bafybeier7vxcntdyofbu7lkcbmhcakb56p7rup2bu7vbd46ww5bugae2g4@sha256:9c5e2a3b728ee4595beb23e1c4bd3a76f06e8024a204cdddb2ea09fdcba1940e
Fri, 08 Jul 2022 11:22:44 GMT: successfully pushed image with reference bafybeiawwhabjzf6slhvs637cloxq2i53nbdwfsiz7ijtwdw3mxjowcewi@sha256:6102f0635e9056343a69c65c0923f02932d805841f54693e80ecfcc46a9884f6
Fri, 08 Jul 2022 13:49:42 GMT: successfully pushed image with reference bafybeidljnjslorhiwjmppwuoyrxhmlcnwusn65q34wa2jnnbndhfzqdx4@sha256:9ed5efe50b0e3ef03ed721af6d2ecfa7c3879b9fd7f696679f7f4f196b960abe
Fri, 08 Jul 2022 15:29:03 GMT: successfully pushed image with reference bafybeiexa7y5e544jzss4hmxzoywcpxjbsrdbwgoqjzzpvrvf5edmnekia@sha256:5225faf6f431e9a288742f7c5d564ffc35179c64c6a66416e2ca576cb08a1321
Fri, 08 Jul 2022 15:43:10 GMT: successfully pushed image with reference bafybeif36nqt7hk356n3vk5mqcjx5xybni4vrb6zxvzxiymvjonec2ys7q@sha256:95d78da0d9a5e92fc59d9f99a3179ebe960e4ab691427b848d5d8b4428ecdf4b
Tue, 12 Jul 2022 13:48:47 GMT: successfully pushed image with reference bafybeid2bwkruu4ght4xjtrpqcu2tgimjczu7adamdutrcspyo3bp64k5y@sha256:79d91682df9e10711e5a59c102336d0716fbf52d62d98bc656b7582de680ad12
Tue, 12 Jul 2022 14:14:19 GMT: successfully pushed image with reference bafybeif7v3we6alybak3r2mg4qaloarkkkcg7w4ftpqrlqpnxkfcdraiye@sha256:fba44d599f0302f09d7622865e601369621c02762925843fc51f945a0cb98b2f
Wed, 13 Jul 2022 17:38:18 GMT: successfully pushed image with reference bafybeidxpjbtqdwens75oe5nfmyx5h3424dlyvrzwidrszzfikwdmf3lqa@sha256:ffeb60e5b88a85d117bad1755e91ccd98bc0d4c7c959945a5dff855631a09fe6
Wed, 13 Jul 2022 18:28:11 GMT: successfully pushed image with reference bafybeicdwooht74plw45rdxakijesyzlukw4bc6udtuzwn6lzyu4cnx4ru@sha256:f85d1791165f0726fa12203039b97680d8c0c6ede8fec908473bd0cead86601d
Wed, 13 Jul 2022 18:39:38 GMT: successfully pushed image with reference bafybeiexowvzreslcrhfm4hwotpjxlm7x37aygrieiy7bhqvgxqvnk6s6e@sha256:05b6136b55901e0176fa74219bdb2962a6f9429e228655b5e199663562a80e15
Wed, 13 Jul 2022 18:51:56 GMT: successfully pushed image with reference bafybeiexowvzreslcrhfm4hwotpjxlm7x37aygrieiy7bhqvgxqvnk6s6e@sha256:05b6136b55901e0176fa74219bdb2962a6f9429e228655b5e199663562a80e15
Wed, 13 Jul 2022 19:14:11 GMT: successfully pushed image with reference bafybeibjjmwl7d4yazeectsu7yrz7zzfgijps5opywp6foxmqkk236bw6q@sha256:4b736a61f8a1121e9eec745526cd3134921d88881fda601433154221c9a35576
Wed, 13 Jul 2022 19:37:22 GMT: successfully pushed image with reference bafybeifr4bv46wek4anksgbt4r6leogrxknouzbxwkvcx6v7rkutw2nagq@sha256:f74e77f57aac40c96b519d58e8d57c44959487460bce5b88af8a48151ab84976
Thu, 14 Jul 2022 08:27:23 GMT: successfully pushed image with reference bafybeiabbnyq3ys7euwdjustyjmuew64lhx6pugr2gfjfjuwex5kh5hyje@sha256:10603591979b82dcd8aec3adc54033838de08b6030c5a356a43fa76b51d62642
Thu, 14 Jul 2022 08:29:24 GMT: successfully pushed image with reference bafybeid4n2aumjfeigzapjyz2ugmutfr2wv7lvvusgks54hdsuufkz2n4e@sha256:59a224001b53b5c7abc1538f35456810bb3352062f8345f633e7b7d9bd50a4fa
Thu, 14 Jul 2022 12:06:40 GMT: successfully pushed image with reference bafybeicv7rouibxlblnzw2vmfnrwj3d2kbpnnq4v4n6wy22pxhmaum7clq@sha256:042f0e112a2cf4e66ef30187b3d040b376a246d4d4e7624a44df5ee6a7f527b6
Fri, 14 Oct 2022 13:46:01 GMT: successfully pushed image with reference bafybeiauu53bwpwe53n2qratwic6maejetktb3o5qblwkedyplrkeyfkuy@sha256:beca21c722ade0ed4e5807c078f026c068760baa72979685b45cac686de45305
Thu, 15 Dec 2022 09:27:47 GMT: successfully pushed image with reference bafybeifdxaztw7skwwokauspkch3iicdjdj5gsq6muelyslijei4nyuyvy@sha256:250378dc8b4bc9136e81d483d73bf9776d06381150dbafa4ca9c0412daec8e89
Thu, 15 Dec 2022 09:47:30 GMT: successfully pushed image with reference bafybeifslvjiaosvdqju5jdwzefvtj2d7bvusbsyjggrbvxdm5d2mpt53a@sha256:a3cc6538471d351c4c7e6fc54c0e195897dfbe15b743dfab2612676323553523
Thu, 15 Dec 2022 10:00:55 GMT: successfully pushed image with reference bafybeigmteunbcx7ix747o5csd64nu4yg3re3flph4uwc2pcfzy5mrfcbm@sha256:409acb735a222e5e2eb4ef44f764f8302a3ff35a4779ae6ad2f7585920a93d2f
Thu, 15 Dec 2022 10:02:04 GMT: successfully pushed image with reference bafybeifcxrcyuh7t6dvmsoixaq2x5vif432jtvxggyeqvq7wzfafrpclmm@sha256:e9b1b0b1383a111215d30418df29bf9ad8b8103ed3b20fef6a33eafba6f9268a
Fri, 16 Dec 2022 08:57:54 GMT: successfully pushed image with reference bafybeigu67tjq57yhwlsznnu5r5n5zygw4v2jowl6gcit5k4yzcjznrse4@sha256:f585689721cb0237803a79fd666a4a3e1f209997849d7b464f672b0b54520e31
Fri, 16 Dec 2022 09:31:53 GMT: successfully pushed image with reference bafybeigu67tjq57yhwlsznnu5r5n5zygw4v2jowl6gcit5k4yzcjznrse4@sha256:f585689721cb0237803a79fd666a4a3e1f209997849d7b464f672b0b54520e31
